Base path: /Applications/Unity/Unity.app/Contents
Pipe name: \\.\pipe\UnityShaderCompiler-1--1597824600
Cmd: getPlatforms
Cmd: preprocess
  insize=535 outsize=535 ok=1
Cmd: preprocess
  insize=2158 outsize=953 ok=1
Cmd: compileSnippet
  api=0 type=0 insize=1507 outsize=397 kw=SOFTPARTICLES_OFF ok=1
Cmd: compileSnippet
  api=0 type=1 insize=1507 outsize=216 kw=SOFTPARTICLES_OFF ok=1
Cmd: preprocess
  insize=121056 outsize=121056 ok=1
Cmd: preprocess
  insize=2402 outsize=1070 ok=1
Cmd: compileSnippet
  api=0 type=0 insize=1634 outsize=397 kw=SOFTPARTICLES_OFF ok=1
Cmd: compileSnippet
  api=0 type=1 insize=1634 outsize=349 kw=SOFTPARTICLES_OFF ok=1
Cmd: preprocess
  insize=2944 outsize=1658 ok=1
Cmd: compileSnippet
  api=0 type=0 insize=953 outsize=328 kw= ok=1
Cmd: compileSnippet
  api=0 type=1 insize=953 outsize=265 kw= ok=1
Cmd: compileSnippet
  api=0 type=0 insize=951 outsize=328 kw= ok=1
Cmd: compileSnippet
  api=0 type=1 insize=951 outsize=265 kw= ok=1
Cmd: compileSnippet
  api=0 type=0 insize=952 outsize=328 kw= ok=1
Cmd: compileSnippet
  api=0 type=1 insize=952 outsize=265 kw= ok=1
Cmd: compileSnippet
  api=0 type=0 insize=954 outsize=328 kw= ok=1
Cmd: compileSnippet
  api=0 type=1 insize=954 outsize=265 kw= ok=1
Cmd: compileSnippet
  api=0 type=0 insize=948 outsize=328 kw= ok=1
Cmd: compileSnippet
  api=0 type=1 insize=948 outsize=265 kw= ok=1
Cmd: compileSnippet
  api=0 type=0 insize=952 outsize=328 kw= ok=1
Cmd: compileSnippet
  api=0 type=1 insize=952 outsize=265 kw= ok=1
Cmd: preprocess
  insize=777 outsize=1539 ok=1
Cmd: compileSnippet
  api=0 type=0 insize=4376 outsize=919 kw=DIRECTIONAL SHADOWS_OFF LIGHTMAP_OFF DIRLIGHTMAP_OFF ok=1
Cmd: compileSnippet
  api=0 type=1 insize=4376 outsize=412 kw=DIRECTIONAL SHADOWS_OFF LIGHTMAP_OFF DIRLIGHTMAP_OFF ok=1
Cmd: compileSnippet
  api=0 type=0 insize=2339 outsize=817 kw=POINT ok=1
Cmd: compileSnippet
  api=0 type=1 insize=2339 outsize=584 kw=POINT ok=1
Cmd: compileSnippet
  api=0 type=0 insize=1998 outsize=524 kw= ok=1
Cmd: compileSnippet
  api=0 type=1 insize=1998 outsize=294 kw= ok=1
Cmd: compileSnippet
  api=0 type=0 insize=4076 outsize=905 kw=LIGHTMAP_OFF DIRLIGHTMAP_OFF HDR_LIGHT_PREPASS_OFF ok=1
Cmd: compileSnippet
  api=0 type=1 insize=4076 outsize=387 kw=LIGHTMAP_OFF DIRLIGHTMAP_OFF HDR_LIGHT_PREPASS_OFF ok=1
Cmd: preprocess
  insize=2382 outsize=2382 ok=1
Cmd: preprocess
  insize=41087 outsize=41087 ok=1
Cmd: preprocess
  insize=52417 outsize=52417 ok=1
Cmd: preprocess
  insize=1167 outsize=603 ok=1
Cmd: compileSnippet
  api=0 type=0 insize=865 outsize=500 kw= ok=1
Cmd: compileSnippet
  api=0 type=1 insize=865 outsize=274 kw= ok=1
Cmd: preprocess
  insize=41132 outsize=41132 ok=1
Cmd: preprocess
  insize=4189 outsize=3135 ok=1
Cmd: compileSnippet
  api=0 type=0 insize=829 outsize=488 kw=SHADOWS_DEPTH ok=1
Cmd: compileSnippet
  api=0 type=1 insize=829 outsize=262 kw=SHADOWS_DEPTH ok=1
Cmd: compileSnippet
  api=0 type=0 insize=870 outsize=1091 kw=SHADOWS_NONATIVE ok=1
Cmd: compileSnippet
  api=0 type=1 insize=870 outsize=930 kw=SHADOWS_NONATIVE ok=1
Cmd: preprocess
  insize=2242 outsize=996 ok=1
Cmd: compileSnippet
  api=0 type=0 insize=1548 outsize=397 kw=SOFTPARTICLES_OFF ok=1
Cmd: compileSnippet
  api=0 type=1 insize=1548 outsize=258 kw=SOFTPARTICLES_OFF ok=1
Cmd: preprocess
  insize=69658 outsize=69658 ok=1
Cmd: preprocess
  insize=2351 outsize=1110 ok=1
Cmd: compileSnippet
  api=0 type=0 insize=1543 outsize=397 kw=SOFTPARTICLES_OFF ok=1
Cmd: compileSnippet
  api=0 type=1 insize=1543 outsize=269 kw=SOFTPARTICLES_OFF ok=1
Cmd: preprocess
  insize=53633 outsize=53633 ok=1
Cmd: preprocess
  insize=4133 outsize=3079 ok=1
Cmd: compileSnippet
  api=0 type=0 insize=829 outsize=488 kw=SHADOWS_DEPTH ok=1
Cmd: compileSnippet
  api=0 type=1 insize=829 outsize=262 kw=SHADOWS_DEPTH ok=1
Cmd: compileSnippet
  api=0 type=0 insize=870 outsize=1091 kw=SHADOWS_NONATIVE ok=1
Cmd: compileSnippet
  api=0 type=1 insize=870 outsize=930 kw=SHADOWS_NONATIVE ok=1
Cmd: preprocess
  insize=2272 outsize=1055 ok=1
Cmd: compileSnippet
  api=0 type=0 insize=1518 outsize=397 kw=SOFTPARTICLES_OFF ok=1
Cmd: compileSnippet
  api=0 type=1 insize=1518 outsize=269 kw=SOFTPARTICLES_OFF ok=1
Cmd: preprocess
  insize=2253 outsize=1040 ok=1
Cmd: compileSnippet
  api=0 type=0 insize=1515 outsize=397 kw=SOFTPARTICLES_OFF ok=1
Cmd: compileSnippet
  api=0 type=1 insize=1515 outsize=269 kw=SOFTPARTICLES_OFF ok=1
Cmd: preprocess
  insize=97979 outsize=97979 ok=1
Cmd: preprocess
  insize=2451 outsize=1111 ok=1
Cmd: compileSnippet
  api=0 type=0 insize=1641 outsize=397 kw=SOFTPARTICLES_OFF ok=1
Cmd: compileSnippet
  api=0 type=1 insize=1641 outsize=403 kw=SOFTPARTICLES_OFF ok=1
Cmd: preprocess
  insize=1832 outsize=641 ok=1
Cmd: compileSnippet
  api=0 type=0 insize=1493 outsize=397 kw=SOFTPARTICLES_OFF ok=1
Cmd: compileSnippet
  api=0 type=1 insize=1493 outsize=178 kw=SOFTPARTICLES_OFF ok=1
Cmd: preprocess
  insize=471 outsize=259 ok=1
Cmd: compileSnippet
  api=0 type=0 insize=509 outsize=428 kw= ok=1
Cmd: compileSnippet
  api=0 type=1 insize=509 outsize=189 kw= ok=1
Cmd: preprocess
  insize=2268 outsize=1033 ok=1
Cmd: compileSnippet
  api=0 type=0 insize=1537 outsize=397 kw=SOFTPARTICLES_OFF ok=1
Cmd: compileSnippet
  api=0 type=1 insize=1537 outsize=269 kw=SOFTPARTICLES_OFF ok=1
Cmd: preprocess
  insize=77837 outsize=77837 ok=1
Cmd: preprocess
  insize=94005 outsize=94005 ok=1
Cmd: preprocess
  insize=70229 outsize=70229 ok=1
Cmd: preprocess
  insize=3747 outsize=3159 ok=1
Cmd: compileSnippet
  api=0 type=0 insize=574 outsize=420 kw=SHADOWS_DEPTH ok=1
Cmd: compileSnippet
  api=0 type=1 insize=574 outsize=127 kw=SHADOWS_DEPTH ok=1
Cmd: compileSnippet
  api=0 type=0 insize=658 outsize=1025 kw=SHADOWS_NONATIVE ok=1
Cmd: compileSnippet
  api=0 type=1 insize=658 outsize=820 kw=SHADOWS_NONATIVE ok=1
Cmd: preprocess
  insize=77418 outsize=77418 ok=1
Cmd: preprocess
  insize=2213 outsize=973 ok=1
Cmd: compileSnippet
  api=0 type=0 insize=1542 outsize=397 kw=SOFTPARTICLES_OFF ok=1
Cmd: compileSnippet
  api=0 type=1 insize=1542 outsize=224 kw=SOFTPARTICLES_OFF ok=1
Cmd: preprocess
  insize=2253 outsize=1040 ok=1
